<?xml version="1.0" encoding="UTF-8"?>
<!-- Generated by org.testng.reporters.JUnitXMLReporter -->
<testsuite hostname="DESKTOP-JF1S6BJ" name="Test" tests="4" failures="0" timestamp="25 Mar 2022 11:00:40 GMT" time="23.155" errors="0">
  <testcase name="tc01" time="1.28" classname="org.testng.Day2"/>
  <testcase name="tc02" time="1.844" classname="org.testng.Day2"/>
  <testcase name="tc03" time="1.045" classname="org.testng.Day2"/>
  <testcase name="tc04" time="0.737" classname="org.testng.Day2"/>
</testsuite> <!-- Test -->
